2014-02-19 11:35:29.214 I Doubt It[12979:80b] Multi-tasking -> Device: YES, App: YES
2014-02-19 11:35:29.236 I Doubt It[12979:80b] Unlimited access to network resources
2014-02-19 11:35:29.610 I Doubt It[12979:80b] Resetting plugins due to page load.
2014-02-19 11:35:29.707 I Doubt It[12979:80b] Finished load of: file:///Users/Jeremy/Library/Application%20Support/iPhone%20Simulator/7.0.3/Applications/EA304DE5-BD31-4721-BA55-82F4A668D5FE/I%20Doubt%20It.app/www/index.html
2014-02-19 11:39:34.520 I Doubt It[13330:80b] Multi-tasking -> Device: YES, App: YES
2014-02-19 11:39:34.528 I Doubt It[13330:80b] Unlimited access to network resources
2014-02-19 11:39:34.638 I Doubt It[13330:80b] Resetting plugins due to page load.
2014-02-19 11:39:34.849 I Doubt It[13330:80b] Finished load of: file:///Users/Jeremy/Library/Application%20Support/iPhone%20Simulator/7.0.3/Applications/EA304DE5-BD31-4721-BA55-82F4A668D5FE/I%20Doubt%20It.app/www/index.html
objc[13697]: Class AXEmojiUtilities is implemented in both /Applications/Xcode.app/Contents/Developer/Platforms/iPhoneSimulator.platform/Developer/SDKs/iPhoneSimulator7.0.sdk/System/Library/PrivateFrameworks/AccessibilityUtilities.framework/AccessibilityUtilities and /Applications/Xcode.app/Contents/Developer/Platforms/iPhoneSimulator.platform/Developer/SDKs/iPhoneSimulator7.0.sdk/usr/lib/libAXSpeechManager.dylib. One of the two will be used. Which one is undefined.
2014-02-19 11:40:17.183 I Doubt It[13697:80b] Cannot find executable for CFBundle 0xa44dd50 </Applications/Xcode.app/Contents/Developer/Platforms/iPhoneSimulator.platform/Developer/SDKs/iPhoneSimulator7.0.sdk/System/Library/AccessibilityBundles/CertUIFramework.axbundle> (not loaded)
2014-02-19 11:40:17.204 I Doubt It[13697:80b] Cannot find executable for CFBundle 0xbc6b7f0 </Applications/Xcode.app/Contents/Developer/Platforms/iPhoneSimulator.platform/Developer/SDKs/iPhoneSimulator7.0.sdk/System/Library/AccessibilityBundles/GeoServices.axbundle> (not loaded)
2014-02-19 11:40:17.263 I Doubt It[13697:80b] Multi-tasking -> Device: YES, App: YES
2014-02-19 11:40:17.268 I Doubt It[13697:80b] Unlimited access to network resources
2014-02-19 11:40:17.357 I Doubt It[13697:80b] Resetting plugins due to page load.
2014-02-19 11:40:17.467 I Doubt It[13697:80b] Finished load of: file:///Users/Jeremy/Library/Application%20Support/iPhone%20Simulator/7.0.3-64/Applications/2AC021DF-B61C-4B95-A384-ECA649BCCFD1/I%20Doubt%20It.app/www/index.html
2014-02-19 11:40:20.789 I Doubt It[13697:80b] Resetting plugins due to page load.
2014-02-19 11:40:21.601 I Doubt It[13697:80b] Finished load of: file:///Users/Jeremy/Documents/RoleModel%20Academy/javascript_Learning/jasmine-standalone-2.0.0/iDoubtIt.html?
2014-02-19 11:41:01.726 I Doubt It[13697:80b] Resetting plugins due to page load.
2014-02-19 11:41:02.165 I Doubt It[13697:80b] Finished load of: file:///Users/Jeremy/Documents/RoleModel%20Academy/javascript_Learning/jasmine-standalone-2.0.0/iDoubtIt.html?
2014-02-19 11:41:03.060 I Doubt It[13697:80b] Resetting plugins due to page load.
2014-02-19 11:41:03.278 I Doubt It[13697:80b] Finished load of: file:///Users/Jeremy/Documents/RoleModel%20Academy/javascript_Learning/jasmine-standalone-2.0.0/iDoubtIt.html?
2014-02-19 11:41:04.082 I Doubt It[13697:80b] Resetting plugins due to page load.
2014-02-19 11:41:04.309 I Doubt It[13697:80b] Finished load of: file:///Users/Jeremy/Documents/RoleModel%20Academy/javascript_Learning/jasmine-standalone-2.0.0/iDoubtIt.html?
2014-02-19 11:41:17.878 I Doubt It[13697:80b] Resetting plugins due to page load.
2014-02-19 11:41:18.085 I Doubt It[13697:80b] Finished load of: file:///Users/Jeremy/Documents/RoleModel%20Academy/javascript_Learning/jasmine-standalone-2.0.0/iDoubtIt.html?
2014-02-19 11:49:44.668 I Doubt It[14189:80b] Multi-tasking -> Device: YES, App: YES
2014-02-19 11:49:44.674 I Doubt It[14189:80b] Unlimited access to network resources
2014-02-19 11:49:44.777 I Doubt It[14189:80b] Resetting plugins due to page load.
2014-02-19 11:49:44.911 I Doubt It[14189:80b] Finished load of: file:///Users/Jeremy/Library/Application%20Support/iPhone%20Simulator/7.0.3/Applications/EA304DE5-BD31-4721-BA55-82F4A668D5FE/I%20Doubt%20It.app/www/index.html
2014-02-19 11:49:51.978 I Doubt It[14189:80b] Received memory warning.
